<?xml version="1.0" encoding="UTF-8"?>
<!-- Generated by org.testng.reporters.JUnitReportReporter -->
<testsuite hostname="LAPTOP-OOKDANDK" failures="0" tests="2" name="qaclickacademy.Mavenjava.RESTAPITest" time="0.003" errors="0" timestamp="2021-05-20T12:00:04 IST" skipped="0">
  <testcase classname="qaclickacademy.Mavenjava.RESTAPITest" name="postJira" time="0.000"/>
  <system-out/>
  <testcase classname="qaclickacademy.Mavenjava.RESTAPITest" name="deleteTwitter" time="0.003"/>
  <system-out/>
</testsuite> <!-- qaclickacademy.Mavenjava.RESTAPITest -->
