<?xml version="1.0" encoding="UTF-8"?>
<!-- Generated by org.testng.reporters.JUnitReportReporter -->
<testsuite hostname="LAPTOP-OOKDANDK" failures="0" tests="2" name="qaclickacademy.Mavenjava.AppiumTest" time="0.019" errors="0" timestamp="2021-05-12T09:58:35 IST" skipped="0">
  <testcase classname="qaclickacademy.Mavenjava.AppiumTest" name="IOSNative" time="0.019"/>
  <system-out/>
  <testcase classname="qaclickacademy.Mavenjava.AppiumTest" name="AndroidNative" time="0.000"/>
  <system-out/>
</testsuite> <!-- qaclickacademy.Mavenjava.AppiumTest -->
